{
  "stats": {
    "suites": 5,
    "tests": 7,
    "passes": 5,
    "pending": 0,
    "failures": 2,
    "start": "2021-12-21T13:54:03.089Z",
    "end": "2021-12-21T13:54:06.414Z",
    "duration": 3325,
    "testsRegistered": 7,
    "passPercent": 71.42857142857143,
    "pendingPercent": 0,
    "other": 0,
    "hasOther": false,
    "skipped": 0,
    "hasSkipped": false
  },
  "results": [
    {
      "uuid": "306d7373-6fa4-47ff-8b27-0aff52cd2427",
      "title": "",
      "fullFile": "",
      "file": "",
      "beforeHooks": [],
      "afterHooks": [],
      "tests": [],
      "suites": [
        {
          "uuid": "9d97ef16-e33f-4b45-b7e0-38097bef056b",
          "title": "DELETE calls /users",
          "fullFile": "C:\\Users\\Gal\\Desktop\\Oxs_Testing\\OxsV2\\test\\DELETE.js",
          "file": "\\test\\DELETE.js",
          "beforeHooks": [],
          "afterHooks": [],
          "tests": [
            {
              "title": "delete one user",
              "fullTitle": "DELETE calls /users delete one user",
              "timedOut": false,
              "duration": 28,
              "state": "passed",
              "speed": "fast",
              "pass": true,
              "fail": false,
              "pending": false,
              "context": null,
              "code": "request[\"delete\"](\"users/1access-token=\".concat(TOKEN)).then(function () {\n  (0, _chai.expect)(res.body.data).to.be.equal(1);\n});",
              "err": {},
              "uuid": "b11c117b-975c-496f-9f20-acca1360e1f3",
              "parentUUID": "9d97ef16-e33f-4b45-b7e0-38097bef056b",
              "isHook": false,
              "skipped": false
            }
          ],
          "suites": [],
          "passes": [
            "b11c117b-975c-496f-9f20-acca1360e1f3"
          ],
          "failures": [],
          "pending": [],
          "skipped": [],
          "duration": 28,
          "root": false,
          "rootEmpty": false,
          "_timeout": 2000
        },
        {
          "uuid": "a4006771-3484-48cd-b55a-7433cfea5ce4",
          "title": "GET",
          "fullFile": "C:\\Users\\Gal\\Desktop\\Oxs_Testing\\OxsV2\\test\\GET.js",
          "file": "\\test\\GET.js",
          "beforeHooks": [],
          "afterHooks": [],
          "tests": [
            {
              "title": "GET /users",
              "fullTitle": "GET GET /users",
              "timedOut": false,
              "duration": 817,
              "state": "passed",
              "speed": "slow",
              "pass": true,
              "fail": false,
              "pending": false,
              "context": null,
              "code": "request.get(\"users?access-token=\".concat(TOKEN)).end(function (err, res) {\n  (0, _chai.expect)(res.status).to.be.equal(200);\n  done();\n});",
              "err": {},
              "uuid": "e9da0f2a-1b58-4fc7-a547-e1299db75cd4",
              "parentUUID": "a4006771-3484-48cd-b55a-7433cfea5ce4",
              "isHook": false,
              "skipped": false
            },
            {
              "title": "GET /users/:id",
              "fullTitle": "GET GET /users/:id",
              "timedOut": false,
              "duration": 1,
              "state": "passed",
              "speed": "fast",
              "pass": true,
              "fail": false,
              "pending": false,
              "context": null,
              "code": "request.get(\"users/1access-token=\".concat(TOKEN)).then(function () {\n  (0, _chai.expect)(res.body.data).to.be.equal(1);\n});",
              "err": {},
              "uuid": "4e5cf09a-846c-4e14-b3bf-bc5325a37546",
              "parentUUID": "a4006771-3484-48cd-b55a-7433cfea5ce4",
              "isHook": false,
              "skipped": false
            },
            {
              "title": "GET /users with query params",
              "fullTitle": "GET GET /users with query params",
              "timedOut": false,
              "duration": 810,
              "state": "passed",
              "speed": "slow",
              "pass": true,
              "fail": false,
              "pending": false,
              "context": null,
              "code": "var url = \"users/1access-token=\".concat(TOKEN, \"&page=5&gender=Female@status=Active\");\nreturn request.get(url).then(function (res) {\n  (0, _chai.expect)(res.body.data).to.not.be.empty;\n});",
              "err": {},
              "uuid": "0b19da28-c733-435d-abc8-17cf4c7fe9f6",
              "parentUUID": "a4006771-3484-48cd-b55a-7433cfea5ce4",
              "isHook": false,
              "skipped": false
            }
          ],
          "suites": [],
          "passes": [
            "e9da0f2a-1b58-4fc7-a547-e1299db75cd4",
            "4e5cf09a-846c-4e14-b3bf-bc5325a37546",
            "0b19da28-c733-435d-abc8-17cf4c7fe9f6"
          ],
          "failures": [],
          "pending": [],
          "skipped": [],
          "duration": 1628,
          "root": false,
          "rootEmpty": false,
          "_timeout": 2000
        },
        {
          "uuid": "30704552-5c51-4f88-94c8-76cb9fa2ef80",
          "title": "Negative Tests",
          "fullFile": "C:\\Users\\Gal\\Desktop\\Oxs_Testing\\OxsV2\\test\\Negative.js",
          "file": "\\test\\Negative.js",
          "beforeHooks": [],
          "afterHooks": [],
          "tests": [
            {
              "title": "401 Authentication failed",
              "fullTitle": "Negative Tests 401 Authentication failed",
              "timedOut": false,
              "duration": 1,
              "state": "failed",
              "speed": null,
              "pass": false,
              "fail": true,
              "pending": false,
              "context": null,
              "code": "var data = {\n  user_id: '1234',\n  title: faker.lorem.sentence(),\n  body: faker.lorem.paragraph()\n};\nvar PostRes = request.post('posts').send(data);\n(0, _chai.expect)(PostRes.body.data).to.deep.include(data);",
              "err": {
                "message": "TypeError: Cannot read property 'data' of undefined",
                "estack": "TypeError: Cannot read property 'data' of undefined\n    at Context.<anonymous> (test\\/Negative.js:20:29)\n    at processImmediate (internal/timers.js:464:21)",
                "diff": null
              },
              "uuid": "b9fb5c7f-b003-4241-b341-d9cce07c944b",
              "parentUUID": "30704552-5c51-4f88-94c8-76cb9fa2ef80",
              "isHook": false,
              "skipped": false
            }
          ],
          "suites": [],
          "passes": [],
          "failures": [
            "b9fb5c7f-b003-4241-b341-d9cce07c944b"
          ],
          "pending": [],
          "skipped": [],
          "duration": 1,
          "root": false,
          "rootEmpty": false,
          "_timeout": 2000
        },
        {
          "uuid": "cf195c27-7b4c-4755-a046-701460865437",
          "title": "POST",
          "fullFile": "C:\\Users\\Gal\\Desktop\\Oxs_Testing\\OxsV2\\test\\POST.js",
          "file": "\\test\\POST.js",
          "beforeHooks": [],
          "afterHooks": [],
          "tests": [
            {
              "title": "post1",
              "fullTitle": "POST post1",
              "timedOut": false,
              "duration": 828,
              "state": "failed",
              "speed": null,
              "pass": false,
              "fail": true,
              "pending": false,
              "context": null,
              "code": "var data = {\n  email: faker.internet.email(),\n  name: faker.name.firstName(),\n  gender: faker.name.gender(),\n  status: 'inactive'\n};\nconsole.log(data);\nreturn request.post('users').set(\"Authorization\", \"Bearer \".concat(TOKEN)).send(data).then(function (res) {\n  console.log(res.body.data.email);\n  (0, _chai.expect)(res.body.data).include(data);\n  UserId = res.body.data.id;\n  console.log(UserId);\n});",
              "err": {
                "message": "AssertionError: expected [ Array(1) ] to include { email: 'Justen.Fahey23@hotmail.com',\n  name: 'William',\n  gender: 'Intersex person',\n  status: 'inactive' }",
                "estack": "AssertionError: expected [ Array(1) ] to include { email: 'Justen.Fahey23@hotmail.com',\n  name: 'William',\n  gender: 'Intersex person',\n  status: 'inactive' }\n    at C:\\Users\\Gal\\Desktop\\Oxs_Testing\\OxsV2\\test\\/POST.js:26:35\n    at processTicksAndRejections (internal/process/task_queues.js:95:5)",
                "diff": null
              },
              "uuid": "0ebfbe7b-9700-4651-8364-4a5cfa700e77",
              "parentUUID": "cf195c27-7b4c-4755-a046-701460865437",
              "isHook": false,
              "skipped": false
            }
          ],
          "suites": [],
          "passes": [],
          "failures": [
            "0ebfbe7b-9700-4651-8364-4a5cfa700e77"
          ],
          "pending": [],
          "skipped": [],
          "duration": 828,
          "root": false,
          "rootEmpty": false,
          "_timeout": 2000
        },
        {
          "uuid": "b1c4a1b1-e70d-441a-8c09-d28d2a32e9fe",
          "title": "PUT",
          "fullFile": "C:\\Users\\Gal\\Desktop\\Oxs_Testing\\OxsV2\\test\\PUT.js",
          "file": "\\test\\PUT.js",
          "beforeHooks": [],
          "afterHooks": [],
          "tests": [
            {
              "title": "PUT /users name &status",
              "fullTitle": "PUT PUT /users name &status",
              "timedOut": false,
              "duration": 813,
              "state": "passed",
              "speed": "slow",
              "pass": true,
              "fail": false,
              "pending": false,
              "context": null,
              "code": "var data = {\n  status: 'active',\n  name: 'Hanna'\n};\nreturn request.put('users/1156').set('authorization', \"Bearer \".concat(TOKEN)).send(data).then(function (res) {\n  console.log(res.body);\n  (0, _chai.expect)(res.body.data.name).to.be.equal(data.name);\n});",
              "err": {},
              "uuid": "c139afe4-7b4d-4c04-972c-de6ba40cfadd",
              "parentUUID": "b1c4a1b1-e70d-441a-8c09-d28d2a32e9fe",
              "isHook": false,
              "skipped": false
            }
          ],
          "suites": [],
          "passes": [
            "c139afe4-7b4d-4c04-972c-de6ba40cfadd"
          ],
          "failures": [],
          "pending": [],
          "skipped": [],
          "duration": 813,
          "root": false,
          "rootEmpty": false,
          "_timeout": 2000
        }
      ],
      "passes": [],
      "failures": [],
      "pending": [],
      "skipped": [],
      "duration": 0,
      "root": true,
      "rootEmpty": true,
      "_timeout": 2000
    }
  ],
  "meta": {
    "mocha": {
      "version": "9.1.3"
    },
    "mochawesome": {
      "options": {
        "quiet": false,
        "reportFilename": "mochawesome",
        "saveHtml": true,
        "saveJson": true,
        "consoleReporter": "spec",
        "useInlineDiffs": false,
        "code": true
      },
      "version": "7.0.1"
    },
    "marge": {
      "options": null,
      "version": "6.0.1"
    }
  }
}