{
  "stats": {
    "suites": 1,
    "tests": 1,
    "passes": 1,
    "pending": 0,
    "failures": 0,
    "start": "2021-12-22T10:30:25.930Z",
    "end": "2021-12-22T10:30:26.906Z",
    "duration": 976,
    "testsRegistered": 1,
    "passPercent": 100,
    "pendingPercent": 0,
    "other": 0,
    "hasOther": false,
    "skipped": 0,
    "hasSkipped": false
  },
  "results": [
    {
      "uuid": "f262d535-8600-4cd4-a341-b77a290c305a",
      "title": "",
      "fullFile": "",
      "file": "",
      "beforeHooks": [],
      "afterHooks": [],
      "tests": [],
      "suites": [
        {
          "uuid": "6565484e-a351-46c9-8af9-2c138deee988",
          "title": "Negative Tests",
          "fullFile": "C:\\Users\\Gal\\Desktop\\Oxs_Testing\\OxsV2\\test\\Negative.js",
          "file": "\\test\\Negative.js",
          "beforeHooks": [],
          "afterHooks": [],
          "tests": [
            {
              "title": "422 Validation failed",
              "fullTitle": "Negative Tests 422 Validation failed",
              "timedOut": false,
              "duration": 964,
              "state": "passed",
              "speed": "slow",
              "pass": true,
              "fail": false,
              "pending": false,
              "context": null,
              "code": "var self = this,\n    args = arguments;\nreturn new Promise(function (resolve, reject) {\n  var gen = fn.apply(self, args);\n  function _next(value) {\n    asyncGeneratorStep(gen, resolve, reject, _next, _throw, \"next\", value);\n  }\n  function _throw(err) {\n    asyncGeneratorStep(gen, resolve, reject, _next, _throw, \"throw\", err);\n  }\n  _next(undefined);\n});",
              "err": {},
              "uuid": "773a2c63-df25-4c9d-ace7-f586b5da4160",
              "parentUUID": "6565484e-a351-46c9-8af9-2c138deee988",
              "isHook": false,
              "skipped": false
            }
          ],
          "suites": [],
          "passes": [
            "773a2c63-df25-4c9d-ace7-f586b5da4160"
          ],
          "failures": [],
          "pending": [],
          "skipped": [],
          "duration": 964,
          "root": false,
          "rootEmpty": false,
          "_timeout": 5000
        }
      ],
      "passes": [],
      "failures": [],
      "pending": [],
      "skipped": [],
      "duration": 0,
      "root": true,
      "rootEmpty": true,
      "_timeout": 5000
    }
  ],
  "meta": {
    "mocha": {
      "version": "9.1.3"
    },
    "mochawesome": {
      "options": {
        "quiet": false,
        "reportFilename": "mochawesome",
        "saveHtml": true,
        "saveJson": true,
        "consoleReporter": "spec",
        "useInlineDiffs": false,
        "code": true
      },
      "version": "7.0.1"
    },
    "marge": {
      "options": null,
      "version": "6.0.1"
    }
  }
}